<?xml version="1.0" encoding="UTF-8"?>
<!-- Generated by org.testng.reporters.JUnitReportReporter -->
<testsuite skipped="0" hostname="HP" name="com.qa.Tesycases.HomepageTest" tests="2" failures="0" timestamp="2021-02-11T23:12:51 IST" time="61.493" errors="0">
  <testcase name="verifyhomepagetitleTest" time="28.320" classname="com.qa.Tesycases.HomepageTest"/>
  <system-out/>
  <testcase name="verifcontactslink" time="33.173" classname="com.qa.Tesycases.HomepageTest"/>
  <system-out/>
</testsuite> <!-- com.qa.Tesycases.HomepageTest -->
